app/proguard-rules.pro
# Add project specific ProGuard rules here.
-keep class com.factory.lexivaultwordgamesolver.data.db.** { *; }