app/build/outputs/mapping/release/seeds.txt
com.factory.lexivaultwordgamesolver.data.db.SavedWordDao
com.factory.lexivaultwordgamesolver.MainActivity
com.factory.lexivaultwordgamesolver.data.db.SavedWordDao_Impl
com.factory.lexivaultwordgamesolver.data.db.SavedWordDao_Impl$9
com.factory.lexivaultwordgamesolver.data.db.SavedWordDao_Impl$2
com.factory.lexivaultwordgamesolver.data.db.SavedWordDao_Impl$3
com.factory.lexivaultwordgamesolver.data.db.SavedWordEntity
com.factory.lexivaultwordgamesolver.data.db.AppDatabase$Companion
com.factory.lexivaultwordgamesolver.data.db.AppDatabase_Impl$1
com.factory.lexivaultwordgamesolver.data.db.SavedWordDao_Impl$6
com.factory.lexivaultwordgamesolver.data.db.SavedWordDao_Impl$7
com.factory.lexivaultwordgamesolver.data.db.AppDatabase
com.factory.lexivaultwordgamesolver.data.db.SavedWordDao_Impl$4
com.factory.lexivaultwordgamesolver.data.db.SavedWordDao_Impl$5
com.factory.lexivaultwordgamesolver.data.db.SavedWordDao_Impl$1
com.factory.lexivaultwordgamesolver.LexiVaultApplication
com.factory.lexivaultwordgamesolver.data.db.AppDatabase_Impl
com.factory.lexivaultwordgamesolver.data.db.SavedWordDao_Impl$8
com.factory.lexivaultwordgamesolver.data.db.SavedWordDao_Impl$5: com.factory.lexivaultwordgamesolver.data.db.SavedWordDao_Impl this$0
com.factory.lexivaultwordgamesolver.data.db.SavedWordDao_Impl$8: androidx.room.RoomSQLiteQuery val$_statement
com.factory.lexivaultwordgamesolver.data.db.SavedWordDao_Impl$4: com.factory.lexivaultwordgamesolver.data.db.SavedWordDao_Impl this$0
com.factory.lexivaultwordgamesolver.data.db.SavedWordDao_Impl: androidx.room.RoomDatabase __db
com.factory.lexivaultwordgamesolver.data.db.AppDatabase_Impl: com.factory.lexivaultwordgamesolver.data.db.SavedWordDao _savedWordDao
com.factory.lexivaultwordgamesolver.data.db.SavedWordDao_Impl$5: com.factory.lexivaultwordgamesolver.data.db.SavedWordEntity val$entity
com.factory.lexivaultwordgamesolver.data.db.AppDatabase: com.factory.lexivaultwordgamesolver.data.db.AppDatabase instance
com.factory.lexivaultwordgamesolver.data.db.SavedWordDao_Impl$6: com.factory.lexivaultwordgamesolver.data.db.SavedWordDao_Impl this$0
com.factory.lexivaultwordgamesolver.data.db.SavedWordDao_Impl: androidx.room.SharedSQLiteStatement __preparedStmtOfDeleteByWord
com.factory.lexivaultwordgamesolver.data.db.SavedWordEntity: int scrabbleScore
com.factory.lexivaultwordgamesolver.data.db.SavedWordDao_Impl$8: com.factory.lexivaultwordgamesolver.data.db.SavedWordDao_Impl this$0
com.factory.lexivaultwordgamesolver.data.db.SavedWordEntity: int $stable
com.factory.lexivaultwordgamesolver.data.db.SavedWordDao_Impl: androidx.room.EntityInsertionAdapter __insertionAdapterOfSavedWordEntity
com.factory.lexivaultwordgamesolver.data.db.AppDatabase: int $stable
com.factory.lexivaultwordgamesolver.data.db.SavedWordDao_Impl$4: com.factory.lexivaultwordgamesolver.data.db.SavedWordEntity val$entity
com.factory.lexivaultwordgamesolver.data.db.SavedWordDao_Impl: androidx.room.EntityDeletionOrUpdateAdapter __deletionAdapterOfSavedWordEntity
com.factory.lexivaultwordgamesolver.data.db.SavedWordEntity: long id
com.factory.lexivaultwordgamesolver.data.db.SavedWordDao_Impl$9: com.factory.lexivaultwordgamesolver.data.db.SavedWordDao_Impl this$0
com.factory.lexivaultwordgamesolver.data.db.SavedWordEntity: int wordsWithFriendsScore
com.factory.lexivaultwordgamesolver.data.db.AppDatabase_Impl$1: com.factory.lexivaultwordgamesolver.data.db.AppDatabase_Impl this$0
com.factory.lexivaultwordgamesolver.data.db.SavedWordDao_Impl$3: com.factory.lexivaultwordgamesolver.data.db.SavedWordDao_Impl this$0
com.factory.lexivaultwordgamesolver.data.db.SavedWordEntity: long savedAt
com.factory.lexivaultwordgamesolver.data.db.SavedWordDao_Impl$2: com.factory.lexivaultwordgamesolver.data.db.SavedWordDao_Impl this$0
com.factory.lexivaultwordgamesolver.data.db.SavedWordDao_Impl$9: androidx.room.RoomSQLiteQuery val$_statement
com.factory.lexivaultwordgamesolver.data.db.SavedWordDao_Impl$7: androidx.room.RoomSQLiteQuery val$_statement
...
androidx.navigation.compose.DialogNavigator: DialogNavigator()
androidx.compose.animation.core.AnimationEndReason: androidx.compose.animation.core.AnimationEndReason valueOf(java.lang.String)
androidx.core.view.ViewCompat$Api21Impl: boolean hasNestedScrollingParent(android.view.View)
androidx.compose.material.ripple.UnprojectedRipple$MRadiusHelper: void setRadius(android.graphics.drawable.RippleDrawable,int)
androidx.compose.ui.layout.IntrinsicMinMax: androidx.compose.ui.layout.IntrinsicMinMax[] values()
androidx.compose.ui.platform.AndroidComposeView: androidx.compose.ui.autofill.Autofill getAutofill()
com.google.android.datatransport.runtime.firebase.transport.LogEventDropped$Reason: com.google.android.datatransport.runtime.firebase.transport.LogEventDropped$Reason[] values()
androidx.core.view.ViewCompat$Api21Impl: float getTranslationZ(android.view.View)
androidx.lifecycle.ProcessLifecycleOwner$attach$1$onActivityPreCreated$1: void onActivityPostStarted(android.app.Activity)
androidx.core.view.WindowInsetsCompat$BuilderImpl: WindowInsetsCompat$BuilderImpl()
android.support.v4.app.RemoteActionCompatParcelizer: void write(androidx.core.app.RemoteActionCompat,androidx.versionedparcelable.VersionedParcel)
androidx.compose.material.ripple.RippleHostView: void setRippleState(boolean)
androidx.core.view.WindowInsetsCompat$Impl30: androidx.core.graphics.Insets getInsets(int)
androidx.room.EntityDeletionOrUpdateAdapter: int handleMultiple(java.lang.Iterable)
androidx.lifecycle.ProcessLifecycleOwner$attach$1$onActivityPreCreated$1: ProcessLifecycleOwner$attach$1$onActivityPreCreated$1(androidx.lifecycle.ProcessLifecycleOwner)
androidx.core.view.WindowInsetsCompat$Impl20: androidx.core.graphics.Insets getInsetsIgnoringVisibility(int)
com.google.android.datatransport.cct.internal.ClientInfo$ClientType: com.google.android.datatransport.cct.internal.ClientInfo$ClientType valueOf(java.lang.String)
androidx.lifecycle.ReportFragment$LifecycleCallbacks: void onActivityDestroyed(android.app.Activity)
androidx.room.RoomDatabase: void internalInitInvalidationTracker(androidx.sqlite.db.SupportSQLiteDatabase)
com.google.android.datatransport.runtime.scheduling.jobscheduling.JobInfoSchedulerService: JobInfoSchedulerService()
androidx.core.view.WindowInsetsCompat$Impl20: androidx.core.graphics.Insets getRootStableInsets()
androidx.compose.ui.platform.AndroidComposeViewTranslationCallbackS: void setViewTranslationCallback(android.view.View,android.view.translation.ViewTranslationCallback)
androidx.lifecycle.Lifecycle$State: androidx.lifecycle.Lifecycle$State[] values()
androidx.compose.ui.focus.FocusStateImpl: androidx.compose.ui.focus.FocusStateImpl[] values()
androidx.compose.ui.window.PopupLayout: void getParams$ui_release$annotations()
androidx.core.view.WindowCompat$Api30Impl: void setDecorFitsSystemWindows(android.view.Window,boolean)
kotlinx.coroutines.scheduling.CoroutineScheduler$WorkerState: kotlinx.coroutines.scheduling.CoroutineScheduler$WorkerState[] values()
androidx.core.view.ViewCompat$Api21Impl: void setBackgroundTintMode(android.view.View,android.graphics.PorterDuff$Mode)
androidx.core.app.NotificationCompatBuilder$Api20Impl: android.app.Notification$Builder setGroupSummary(android.app.Notification$Builder,boolean)
androidx.core.app.NotificationCompatBuilder$Api20Impl: android.app.Notification$Action$Builder addRemoteInput(android.app.Notification$Action$Builder,android.app.RemoteInput)
androidx.core.view.ViewCompat$Api21Impl: void setTranslationZ(android.view.View,float)
androidx.core.view.ViewCompat$Api30Impl: int getImportantForContentCapture(android.view.View)
androidx.core.graphics.Insets$Api29Impl: android.graphics.Insets of(int,int,int,int)
androidx.core.os.ConfigurationCompat$Api24Impl: void setLocales(android.content.res.Configuration,androidx.core.os.LocaleListCompat)