app/build/outputs/mapping/release/mapping.txt
# compiler: R8
# compiler_version: 8.5.35
# min_api: 24
# common_typos_disable
# {"id":"com.android.tools.r8.mapping","version":"2.2"}
# pg_map_id: 191630f
# pg_map_hash: SHA-256 191630f130f2e186c3b71df966e883b019e6f37c5e32c1344a1344bf919fd9b7
com.factory.lexivaultwordgamesolver.LexiVaultApplication -> com.factory.lexivaultwordgamesolver.LexiVaultApplication:
# {"id":"sourceFile","fileName":"LexiVaultApplication.kt"}
    com.factory.lexivaultwordgamesolver.data.WordRepository repository -> i
      # {"id":"com.android.tools.r8.residualsignature","signature":"Lu1/m;"}
    com.factory.lexivaultwordgamesolver.billing.PremiumManager premiumManager -> j
      # {"id":"com.android.tools.r8.residualsignature","signature":"Lx1/x;"}
    com.factory.lexivaultwordgamesolver.billing.BillingManager billingManager -> k
      # {"id":"com.android.tools.r8.residualsignature","signature":"Lx1/s;"}
    com.factory.lexivaultwordgamesolver.onboarding.OnboardingManager onboardingManager -> l
      # {"id":"com.android.tools.r8.residualsignature","signature":"Lz1/c;"}
    kotlinx.coroutines.CoroutineScope applicationScope -> m
      # {"id":"com.android.tools.r8.residualsignature","signature":"LZ2/e;"}
    10:11:kotlinx.coroutines.MainCoroutineDispatcher kotlinx.coroutines.Dispatchers.getMain():0:0 -> <init>
    10:11:void <init>():0 -> <init>
    12:13:kotlinx.coroutines.MainCoroutineDispatcher kotlinx.coroutines.android.HandlerContext.getImmediate():0:0 -> <init>
    12:13:void <init>():0 -> <init>
      # {"id":"com.android.tools.r8.rewriteFrame","conditions":["throws(Ljava/lang/NullPointerException;)"],"actions":["removeInnerFrames(1)"]}
com.factory.lexivaultwordgamesolver.MainActivity -> com.factory.lexivaultwordgamesolver.MainActivity:
# {"id":"sourceFile","fileName":"MainActivity.kt"}
    2:18:void androidx.core.splashscreen.SplashScreen.<init>(android.app.Activity):0:0 -> onCreate
    2:18:void androidx.core.splashscreen.SplashScreen.<init>(android.app.Activity,kotlin.jvm.internal.DefaultConstructorMarker):0 -> onCreate
    2:18:androidx.core.splashscreen.SplashScreen androidx.core.splashscreen.SplashScreen$Companion.installSplashScreen(android.app.Activity):0 -> onCreate
    2:18:void onCreate(android.os.Bundle):0 -> onCreate
    19:21:void androidx.core.splashscreen.SplashScreen.install():0:0 -> onCreate
    19:21:void androidx.core.splashscreen.SplashScreen.access$install(androidx.core.splashscreen.SplashScreen):0 -> onCreate
    19:21:androidx.core.splashscreen.SplashScreen androidx.core.splashscreen.SplashScreen$Companion.installSplashScreen(android.app.Activity):0 -> onCreate
    19:21:void onCreate(android.os.Bundle):0 -> onCreate
    22:26:void onCreate(android.os.Bundle):0:0 -> onCreate
    27:28:void androidx.activity.EdgeToEdge.enable$default(androidx.activity.ComponentActivity,androidx.activity.SystemBarStyle,androidx.activity.SystemBarStyle,int,java.lang.Object):0:0 -> onCreate
    27:28:void onCreate(android.os.Bundle):0 -> onCreate
    29:34:androidx.activity.SystemBarStyle androidx.activity.SystemBarStyle$Companion.auto(int,int,kotlin.jvm.functions.Function1):0:0 -> onCreate
...
androidx.datastore.core.okio.OkioWriteScope -> a1.k:
# {"id":"sourceFile","fileName":"OkioStorage.kt"}
    62:65:boolean androidx.datastore.core.okio.AtomicBoolean.get():0:0 -> b
    62:65:void androidx.datastore.core.okio.OkioReadScope.checkClose():0 -> b
      # {"id":"com.android.tools.r8.rewriteFrame","conditions":["throws(Ljava/lang/NullPointerException;)"],"actions":["removeInnerFrames(1)"]}
    62:65:java.lang.Object writeData(java.lang.Object,kotlin.coroutines.Continuation):0 -> b
      # {"id":"com.android.tools.r8.residualsignature","signature":"(LA2/d;Ljava/lang/Object;)Ljava/lang/Object;"}
    66:72:boolean androidx.datastore.core.okio.AtomicBoolean.get():0:0 -> b
    66:72:void androidx.datastore.core.okio.OkioReadScope.checkClose():0 -> b
    66:72:java.lang.Object writeData(java.lang.Object,kotlin.coroutines.Continuation):0 -> b
    73:77:java.lang.Object writeData(java.lang.Object,kotlin.coroutines.Continuation):0:0 -> b
    78:88:okio.FileHandle okio.FileSystem.openReadWrite(okio.Path):0:0 -> b
    78:88:java.lang.Object writeData(java.lang.Object,kotlin.coroutines.Continuation):0 -> b
    89:92:java.lang.Object writeData(java.lang.Object,kotlin.coroutines.Continuation):0:0 -> b
    93:97:okio.BufferedSink okio.Okio__OkioKt.buffer(okio.Sink):0:0 -> b
    93:97:okio.BufferedSink okio.Okio.buffer(okio.Sink):0 -> b
    93:97:java.lang.Object writeData(java.lang.Object,kotlin.coroutines.Continuation):0 -> b
androidx.datastore.core.okio.OkioWriteScope$writeData$1 -> a1.j:
# {"id":"sourceFile","fileName":"OkioStorage.kt"}
    java.lang.Object L$0 -> l
      # {"id":"com.android.tools.r8.residualsignature","signature":"Ld3/j;"}
    java.lang.Object L$1 -> m
      # {"id":"com.android.tools.r8.residualsignature","signature":"Ld3/j;"}
    java.lang.Object L$2 -> n
      # {"id":"com.android.tools.r8.residualsignature","signature":"Ld3/p;"}
    java.lang.Object result -> o
    androidx.datastore.core.okio.OkioWriteScope this$0 -> p
      # {"id":"com.android.tools.r8.residualsignature","signature":"La1/k;"}
    int label -> q
    1:6:void <init>(androidx.datastore.core.okio.OkioWriteScope,kotlin.coroutines.Continuation):0:0 -> <init>
      # {"id":"com.android.tools.r8.residualsignature","signature":"(La1/k;LA2/d;)V"}
    1:17:java.lang.Object invokeSuspend(java.lang.Object):0:0 -> u
androidx.datastore.preferences.PreferenceDataStoreDelegateKt$preferencesDataStore$1 -> b1.a:
# {"id":"sourceFile","fileName":"PreferenceDataStoreDelegate.android.kt"}
    androidx.datastore.preferences.PreferenceDataStoreDelegateKt$preferencesDataStore$1 INSTANCE -> j
      # {"id":"com.android.tools.r8.residualsignature","signature":"Lb1/a;"}
    4:6:void <init>():0:0 -> <clinit>
    4:6:void <clinit>():0 -> <clinit>
    7:9:void <clinit>():0:0 -> <clinit>
    3:7:java.util.List invoke(android.content.Context):0:0 -> m
    3:7:java.lang.Object invoke(java.lang.Object):0 -> m
    8:10:java.lang.Object invoke(java.lang.Object):0:0 -> m
androidx.datastore.preferences.PreferenceDataStoreFile -> R8$$REMOVED$$CLASS$$307:
# {"id":"sourceFile","fileName":"PreferenceDataStoreFile.android.kt"}