app/build/outputs/mapping/release/usage.txt
com.factory.lexivaultwordgamesolver.BuildConfig
com.factory.lexivaultwordgamesolver.MainActivity:
    public static final int $stable
com.factory.lexivaultwordgamesolver.R$color
com.factory.lexivaultwordgamesolver.R$drawable
com.factory.lexivaultwordgamesolver.R$mipmap
com.factory.lexivaultwordgamesolver.R$string
com.factory.lexivaultwordgamesolver.R$style
com.factory.lexivaultwordgamesolver.R$xml
com.factory.lexivaultwordgamesolver.R
com.factory.lexivaultwordgamesolver.billing.BillingConnectionState$BillingUnavailable:
    public static final int $stable
com.factory.lexivaultwordgamesolver.billing.BillingConnectionState$Connected:
    public static final int $stable
com.factory.lexivaultwordgamesolver.billing.BillingConnectionState$Connecting:
    public static final int $stable
com.factory.lexivaultwordgamesolver.billing.BillingConnectionState$Disconnected:
    public static final int $stable
com.factory.lexivaultwordgamesolver.billing.BillingConnectionState$NetworkUnavailable:
    public static final int $stable
com.factory.lexivaultwordgamesolver.billing.BillingManager:
    public static final long BASE_RECONNECT_DELAY_MS
    public static final int MAX_RECONNECT_ATTEMPTS
    public static final long MAX_RECONNECT_DELAY_MS
    public final void endConnection()
com.factory.lexivaultwordgamesolver.billing.PremiumLimits
com.factory.lexivaultwordgamesolver.billing.PremiumManager$special$$inlined$map$1$2$1:
    java.lang.Object L$0
com.factory.lexivaultwordgamesolver.billing.PremiumManager$special$$inlined$map$2$2$1:
    java.lang.Object L$0
com.factory.lexivaultwordgamesolver.billing.PurchaseEvent$AlreadyOwned:
    public static final int $stable
com.factory.lexivaultwordgamesolver.billing.PurchaseEvent$Cancelled:
    public static final int $stable
com.factory.lexivaultwordgamesolver.billing.PurchaseEvent$Error:
    public static final int $stable
    public final java.lang.String component1()
    public final com.factory.lexivaultwordgamesolver.billing.PurchaseEvent$Error copy(java.lang.String)
    public static synthetic com.factory.lexivaultwordgamesolver.billing.PurchaseEvent$Error copy$default(com.factory.lexivaultwordgamesolver.billing.PurchaseEvent$Error,java.lang.String,int,java.lang.Object)
com.factory.lexivaultwordgamesolver.billing.PurchaseEvent$Pending:
    public static final int $stable
com.factory.lexivaultwordgamesolver.billing.PurchaseEvent$RestoreFinished:
    public static final int $stable
    public final boolean component1()
    public final com.factory.lexivaultwordgamesolver.billing.PurchaseEvent$RestoreFinished copy(boolean)
    public static synthetic com.factory.lexivaultwordgamesolver.billing.PurchaseEvent$RestoreFinished copy$default(com.factory.lexivaultwordgamesolver.billing.PurchaseEvent$RestoreFinished,boolean,int,java.lang.Object)
com.factory.lexivaultwordgamesolver.billing.PurchaseEvent$Success:
    public static final int $stable
    public final com.factory.lexivaultwordgamesolver.billing.SubscriptionTier component1()
    public final com.factory.lexivaultwordgamesolver.billing.PurchaseEvent$Success copy(com.factory.lexivaultwordgamesolver.billing.SubscriptionTier)
    public static synthetic com.factory.lexivaultwordgamesolver.billing.PurchaseEvent$Success copy$default(com.factory.lexivaultwordgamesolver.billing.PurchaseEvent$Success,com.factory.lexivaultwordgamesolver.billing.SubscriptionTier,int,java.lang.Object)
    public final com.factory.lexivaultwordgamesolver.billing.SubscriptionTier getTier()
com.factory.lexivaultwordgamesolver.billing.PurchaseEvent$SupportPurchaseThanks:
    public static final int $stable
com.factory.lexivaultwordgamesolver.billing.SubscriptionTier$Companion:
    public final java.util.List getAllProductIds()
com.factory.lexivaultwordgamesolver.billing.SubscriptionTier:
    public static final synthetic java.util.List access$getAllProductIds$cp()
    public final java.lang.String getProductType()
...
androidx.compose.ui.focus.FocusTraversalKt$WhenMappings
androidx.compose.ui.focus.FocusableChildrenComparator:
    public static int compare()
    public static androidx.compose.runtime.collection.MutableVector pathFromRoot(androidx.compose.ui.node.LayoutNode)
androidx.compose.ui.focus.OneDimensionalFocusSearchKt$WhenMappings
androidx.compose.ui.focus.OneDimensionalFocusSearchKt$generateAndSearchChildren$1:
    public final java.lang.Boolean invoke$16()
androidx.compose.ui.focus.TwoDimensionalFocusSearchKt$WhenMappings
androidx.compose.ui.focus.TwoDimensionalFocusSearchKt$generateAndSearchChildren$1:
    public final java.lang.Boolean invoke$16()
androidx.compose.ui.geometry.CornerRadius$Companion
androidx.compose.ui.geometry.CornerRadius:
    public static final androidx.compose.ui.geometry.CornerRadius$Companion Companion
androidx.compose.ui.geometry.CornerRadiusKt:
    public static synthetic long CornerRadius$default(float)
androidx.compose.ui.geometry.MutableRect:
    public static final int $stable
    static void <clinit>()
    public static float getBottom()
    public static float getLeft()
    public static float getRight()
    public static float getTop()
    public final void set()
    public static void setBottom()
    public static void setLeft()
    public static void setRight()
    public static void setTop()
androidx.compose.ui.geometry.MutableRectKt
androidx.compose.ui.geometry.Offset$Companion
androidx.compose.ui.geometry.Offset:
    public static final androidx.compose.ui.geometry.Offset$Companion Companion
    public static final long unaryMinus-F1C5BW0(long)
    public static synthetic long unbox-impl()
androidx.compose.ui.geometry.OffsetKt:
    public static final long lerp-Wko1d7g(long,long,float)
androidx.compose.ui.geometry.Rect$Companion
androidx.compose.ui.geometry.Rect:
    public static final androidx.compose.ui.geometry.Rect$Companion Companion
    public static final synthetic androidx.compose.ui.geometry.Rect access$getZero$cp()
    public static boolean contains-k-4lQ0M()
    public static androidx.compose.ui.geometry.Rect copy()
    public static float getBottom()
    public static long getBottomRight-F1C5BW0()
    public static float getLeft()
    public static float getRight()
    public final long getSize-NH-jbRc()
    public static float getTop()
    public final long getTopLeft-F1C5BW0()
    public static androidx.compose.ui.geometry.Rect intersect()
    public static boolean isEmpty()
    public final boolean overlaps(androidx.compose.ui.geometry.Rect)
androidx.compose.ui.geometry.RoundRect$Companion
androidx.compose.ui.geometry.RoundRect:
    public static final androidx.compose.ui.geometry.RoundRect$Companion Companion
    public static final androidx.compose.ui.geometry.RoundRect Zero
    public static float getBottom()
    public static long getBottomLeftCornerRadius-kKHJgLs()
    public static long getBottomRightCornerRadius-kKHJgLs()
    public static float getLeft()
    public static float getRight()
    public static float getTop()
    public static long getTopLeftCornerRadius-kKHJgLs()
    public static long getTopRightCornerRadius-kKHJgLs()
androidx.compose.ui.geometry.RoundRectKt:
    public static final androidx.compose.ui.geometry.RoundRect RoundRect-gG7oq9Y(float,float,float,float,long)
androidx.compose.ui.geometry.Size$Companion
androidx.compose.ui.geometry.Size:
    public static final androidx.compose.ui.geometry.Size$Companion Companion
    public static boolean equals-impl(long,java.lang.Object)
    public static synthetic long unbox-impl()
androidx.compose.ui.geometry.SizeKt:
    public static final long getCenter-uvyYCjk(long)
    public static final androidx.compose.ui.geometry.Rect toRect-uvyYCjk(long)
androidx.compose.ui.graphics.AndroidCanvas:
    public final void saveLayer()
    public static android.graphics.Region$Op toRegionOp--7u2Bmg(int)